<?xml version="1.0" encoding="UTF-8"?>
<!-- Generated by org.testng.reporters.JUnitReportReporter -->
<testsuite skipped="6" hostname="DESKTOP-G6T0SJ9" name="com.PrestaShop.test3.CreatingANewProduct" tests="6" failures="0" timestamp="2020-01-30T20:54:23 MSK" time="0.000" errors="0">
  <testcase name="signIn" time="0.000" classname="com.PrestaShop.test3.CreatingANewProduct">
    <skipped/>
  </testcase> <!-- signIn -->
  <testcase name="newProduct" time="0.000" classname="com.PrestaShop.test3.CreatingANewProduct">
    <skipped/>
  </testcase> <!-- newProduct -->
  <testcase name="checkNewProduct" time="0.000" classname="com.PrestaShop.test3.CreatingANewProduct">
    <skipped/>
  </testcase> <!-- checkNewProduct -->
  <testcase name="productActivation" time="0.000" classname="com.PrestaShop.test3.CreatingANewProduct">
    <skipped/>
  </testcase> <!-- productActivation -->
  <testcase name="productSection" time="0.000" classname="com.PrestaShop.test3.CreatingANewProduct">
    <skipped/>
  </testcase> <!-- productSection -->
  <testcase name="logOut" time="0.000" classname="com.PrestaShop.test3.CreatingANewProduct">
    <skipped/>
  </testcase> <!-- logOut -->
</testsuite> <!-- com.PrestaShop.test3.CreatingANewProduct -->
