<?xml version="1.0" encoding="UTF-8"?>
<!-- Generated by org.testng.reporters.JUnitReportReporter -->
<testsuite skipped="0" hostname="DESKTOP-G6T0SJ9" name="com.PrestaShop.test1.LoginAndLogout" tests="1" failures="0" timestamp="28 июл 2018 15:00:08 GMT" time="6.711" errors="0">
  <testcase name="loginAndLogout" time="6.711" classname="com.PrestaShop.test1.LoginAndLogout"/>
</testsuite> <!-- com.PrestaShop.test1.LoginAndLogout -->
