<?xml version="1.0" encoding="UTF-8"?>
<!-- Generated by org.testng.reporters.JUnitReportReporter -->
<testsuite skipped="5" hostname="DESKTOP-G6T0SJ9" name="com.PrestaShop.test2.AddNewCategory" tests="5" failures="0" timestamp="2020-01-30T20:54:23 MSK" time="0.000" errors="0">
  <testcase name="signIn" time="0.000" classname="com.PrestaShop.test2.AddNewCategory">
    <skipped/>
  </testcase> <!-- signIn -->
  <testcase name="checkingNewCategory" time="0.000" classname="com.PrestaShop.test2.AddNewCategory">
    <skipped/>
  </testcase> <!-- checkingNewCategory -->
  <testcase name="addNewCategory" time="0.000" classname="com.PrestaShop.test2.AddNewCategory">
    <skipped/>
  </testcase> <!-- addNewCategory -->
  <testcase name="logOut" time="0.000" classname="com.PrestaShop.test2.AddNewCategory">
    <skipped/>
  </testcase> <!-- logOut -->
  <testcase name="categorySection" time="0.000" classname="com.PrestaShop.test2.AddNewCategory">
    <skipped/>
  </testcase> <!-- categorySection -->
</testsuite> <!-- com.PrestaShop.test2.AddNewCategory -->
