<?xml version="1.0" encoding="UTF-8"?>
<!-- Generated by org.testng.reporters.JUnitReportReporter -->
<testsuite skipped="2" hostname="DESKTOP-G6T0SJ9" name="com.PrestaShop.test1.LoginAndLogout" tests="2" failures="0" timestamp="2020-01-30T20:54:23 MSK" time="0.000" errors="0">
  <testcase name="logout" time="0.000" classname="com.PrestaShop.test1.LoginAndLogout">
    <skipped/>
  </testcase> <!-- logout -->
  <testcase name="login" time="0.000" classname="com.PrestaShop.test1.LoginAndLogout">
    <skipped/>
  </testcase> <!-- login -->
</testsuite> <!-- com.PrestaShop.test1.LoginAndLogout -->
