<?xml version="1.0" encoding="UTF-8"?>
<!-- Generated by org.testng.reporters.JUnitReportReporter -->
<testsuite skipped="0" hostname="DESKTOP-G6T0SJ9" name="com.PrestaShop.test4.Ordering" tests="10" failures="0" timestamp="28 июл 2018 14:02:09 GMT" time="45.507" errors="0">
  <testcase name="paymentMethod" time="2.287" classname="com.PrestaShop.test4.Ordering"/>
  <testcase name="deliveryMethod" time="1.504" classname="com.PrestaShop.test4.Ordering"/>
  <testcase name="checkingPropertiesOrder" time="0.598" classname="com.PrestaShop.test4.Ordering"/>
  <testcase name="productProperties" time="1.700" classname="com.PrestaShop.test4.Ordering"/>
  <testcase name="inputDeliveryAddressData" time="2.554" classname="com.PrestaShop.test4.Ordering"/>
  <testcase name="checkingPropertiesProduct" time="1.470" classname="com.PrestaShop.test4.Ordering"/>
  <testcase name="inputCustomerData" time="3.168" classname="com.PrestaShop.test4.Ordering"/>
  <testcase name="addingProductToCart" time="2.107" classname="com.PrestaShop.test4.Ordering"/>
  <testcase name="checkingQuantityProduct" time="4.095" classname="com.PrestaShop.test4.Ordering"/>
  <testcase name="choiceOfRandomGoods" time="26.024" classname="com.PrestaShop.test4.Ordering"/>
</testsuite> <!-- com.PrestaShop.test4.Ordering -->
