<?xml version="1.0" encoding="UTF-8"?>
<!-- Generated by org.testng.reporters.JUnitReportReporter -->
<testsuite skipped="0" hostname="DESKTOP-G6T0SJ9" name="com.PrestaShop.test3.CreatingANewProduct" tests="6" failures="0" timestamp="28 июл 2018 14:02:09 GMT" time="37.476" errors="0">
  <testcase name="productSection" time="6.809" classname="com.PrestaShop.test3.CreatingANewProduct"/>
  <testcase name="newProduct" time="7.437" classname="com.PrestaShop.test3.CreatingANewProduct"/>
  <testcase name="signIn" time="2.363" classname="com.PrestaShop.test3.CreatingANewProduct"/>
  <testcase name="productActivation" time="2.866" classname="com.PrestaShop.test3.CreatingANewProduct"/>
  <testcase name="logOut" time="11.507" classname="com.PrestaShop.test3.CreatingANewProduct"/>
  <testcase name="checkNewProduct" time="6.494" classname="com.PrestaShop.test3.CreatingANewProduct"/>
</testsuite> <!-- com.PrestaShop.test3.CreatingANewProduct -->
